<?xml version="1.0" encoding="UTF-8"?>
<testsuite xmlns:xsi="http://www.w3.org/2001/XMLSchema-instance" xsi:noNamespaceSchemaLocation="https://maven.apache.org/surefire/maven-surefire-plugin/xsd/surefire-test-report-3.0.xsd" version="3.0" name="com.example.demo_int.DemoIntApplicationTests" time="0.919" tests="1" errors="0" skipped="0" failures="0">
  <properties>
    <property name="java.specification.version" value="17"/>
    <property name="sun.jnu.encoding" value="UTF-8"/>
    <property name="java.class.path" value="/Users/DIKUMAR/personalprojects/demo-int/target/test-classes:/Users/DIKUMAR/personalprojects/demo-int/target/classes:/Users/DIKUMAR/.m2/repository/org/springframework/boot/spring-boot-starter/3.3.3/spring-boot-starter-3.3.3.jar:/Users/DIKUMAR/.m2/repository/org/springframework/boot/spring-boot/3.3.3/spring-boot-3.3.3.jar:/Users/DIKUMAR/.m2/repository/org/springframework/spring-context/6.1.12/spring-context-6.1.12.jar:/Users/DIKUMAR/.m2/repository/org/springframework/spring-aop/6.1.12/spring-aop-6.1.12.jar:/Users/DIKUMAR/.m2/repository/org/springframework/spring-beans/6.1.12/spring-beans-6.1.12.jar:/Users/DIKUMAR/.m2/repository/org/springframework/spring-expression/6.1.12/spring-expression-6.1.12.jar:/Users/DIKUMAR/.m2/repository/io/micrometer/micrometer-observation/1.13.3/micrometer-observation-1.13.3.jar:/Users/DIKUMAR/.m2/repository/io/micrometer/micrometer-commons/1.13.3/micrometer-commons-1.13.3.jar:/Users/DIKUMAR/.m2/repository/org/springframework/boot/spring-boot-autoconfigure/3.3.3/spring-boot-autoconfigure-3.3.3.jar:/Users/DIKUMAR/.m2/repository/org/springframework/boot/spring-boot-starter-logging/3.3.3/spring-boot-starter-logging-3.3.3.jar:/Users/DIKUMAR/.m2/repository/ch/qos/logback/logback-classic/1.5.7/logback-classic-1.5.7.jar:/Users/DIKUMAR/.m2/repository/ch/qos/logback/logback-core/1.5.7/logback-core-1.5.7.jar:/Users/DIKUMAR/.m2/repository/org/apache/logging/log4j/log4j-to-slf4j/2.23.1/log4j-to-slf4j-2.23.1.jar:/Users/DIKUMAR/.m2/repository/org/apache/logging/log4j/log4j-api/2.23.1/log4j-api-2.23.1.jar:/Users/DIKUMAR/.m2/repository/org/slf4j/jul-to-slf4j/2.0.16/jul-to-slf4j-2.0.16.jar:/Users/DIKUMAR/.m2/repository/jakarta/annotation/jakarta.annotation-api/2.1.1/jakarta.annotation-api-2.1.1.jar:/Users/DIKUMAR/.m2/repository/org/springframework/spring-core/6.1.12/spring-core-6.1.12.jar:/Users/DIKUMAR/.m2/repository/org/springframework/spring-jcl/6.1.12/spring-jcl-6.1.12.jar:/Users/DIKUMAR/.m2/repository/org/yaml/snakeyaml/2.2/snakeyaml-2.2.jar:/Users/DIKUMAR/.m2/repository/org/springframework/boot/spring-boot-starter-test/3.3.3/spring-boot-starter-test-3.3.3.jar:/Users/DIKUMAR/.m2/repository/org/springframework/boot/spring-boot-test/3.3.3/spring-boot-test-3.3.3.jar:/Users/DIKUMAR/.m2/repository/org/springframework/boot/spring-boot-test-autoconfigure/3.3.3/spring-boot-test-autoconfigure-3.3.3.jar:/Users/DIKUMAR/.m2/repository/com/jayway/jsonpath/json-path/2.9.0/json-path-2.9.0.jar:/Users/DIKUMAR/.m2/repository/org/slf4j/slf4j-api/2.0.16/slf4j-api-2.0.16.jar:/Users/DIKUMAR/.m2/repository/jakarta/xml/bind/jakarta.xml.bind-api/4.0.2/jakarta.xml.bind-api-4.0.2.jar:/Users/DIKUMAR/.m2/repository/jakarta/activation/jakarta.activation-api/2.1.3/jakarta.activation-api-2.1.3.jar:/Users/DIKUMAR/.m2/repository/net/minidev/json-smart/2.5.1/json-smart-2.5.1.jar:/Users/DIKUMAR/.m2/repository/net/minidev/accessors-smart/2.5.1/accessors-smart-2.5.1.jar:/Users/DIKUMAR/.m2/repository/org/ow2/asm/asm/9.6/asm-9.6.jar:/Users/DIKUMAR/.m2/repository/org/assertj/assertj-core/3.25.3/assertj-core-3.25.3.jar:/Users/DIKUMAR/.m2/repository/net/bytebuddy/byte-buddy/1.14.19/byte-buddy-1.14.19.jar:/Users/DIKUMAR/.m2/repository/org/awaitility/awaitility/4.2.2/awaitility-4.2.2.jar:/Users/DIKUMAR/.m2/repository/org/hamcrest/hamcrest/2.2/hamcrest-2.2.jar:/Users/DIKUMAR/.m2/repository/org/junit/jupiter/junit-jupiter/5.10.3/junit-jupiter-5.10.3.jar:/Users/DIKUMAR/.m2/repository/org/junit/jupiter/junit-jupiter-api/5.10.3/junit-jupiter-api-5.10.3.jar:/Users/DIKUMAR/.m2/repository/org/opentest4j/opentest4j/1.3.0/opentest4j-1.3.0.jar:/Users/DIKUMAR/.m2/repository/org/junit/platform/junit-platform-commons/1.10.3/junit-platform-commons-1.10.3.jar:/Users/DIKUMAR/.m2/repository/org/apiguardian/apiguardian-api/1.1.2/apiguardian-api-1.1.2.jar:/Users/DIKUMAR/.m2/repository/org/junit/jupiter/junit-jupiter-params/5.10.3/junit-jupiter-params-5.10.3.jar:/Users/DIKUMAR/.m2/repository/org/junit/jupiter/junit-jupiter-engine/5.10.3/junit-jupiter-engine-5.10.3.jar:/Users/DIKUMAR/.m2/repository/org/junit/platform/junit-platform-engine/1.10.3/junit-platform-engine-1.10.3.jar:/Users/DIKUMAR/.m2/repository/org/mockito/mockito-core/5.11.0/mockito-core-5.11.0.jar:/Users/DIKUMAR/.m2/repository/net/bytebuddy/byte-buddy-agent/1.14.19/byte-buddy-agent-1.14.19.jar:/Users/DIKUMAR/.m2/repository/org/objenesis/objenesis/3.3/objenesis-3.3.jar:/Users/DIKUMAR/.m2/repository/org/mockito/mockito-junit-jupiter/5.11.0/mockito-junit-jupiter-5.11.0.jar:/Users/DIKUMAR/.m2/repository/org/skyscreamer/jsonassert/1.5.3/jsonassert-1.5.3.jar:/Users/DIKUMAR/.m2/repository/com/vaadin/external/google/android-json/0.0.20131108.vaadin1/android-json-0.0.20131108.vaadin1.jar:/Users/DIKUMAR/.m2/repository/org/springframework/spring-test/6.1.12/spring-test-6.1.12.jar:/Users/DIKUMAR/.m2/repository/org/xmlunit/xmlunit-core/2.9.1/xmlunit-core-2.9.1.jar:"/>
    <property name="java.vm.vendor" value="Eclipse Adoptium"/>
    <property name="sun.arch.data.model" value="64"/>
    <property name="java.vendor.url" value="https://adoptium.net/"/>
    <property name="user.timezone" value="Europe/Dublin"/>
    <property name="os.name" value="Mac OS X"/>
    <property name="java.vm.specification.version" value="17"/>
    <property name="sun.java.launcher" value="SUN_STANDARD"/>
    <property name="user.country" value="IE"/>
    <property name="sun.boot.library.path" value="/Library/Java/JavaVirtualMachines/temurin-17.jdk/Contents/Home/lib"/>
    <property name="sun.java.command" value="/Users/DIKUMAR/personalprojects/demo-int/target/surefire/surefirebooter-20240918093540535_3.jar /Users/DIKUMAR/personalprojects/demo-int/target/surefire 2024-09-18T09-35-40_483-jvmRun1 surefire-20240918093540535_1tmp surefire_0-20240918093540535_2tmp"/>
    <property name="jdk.debug" value="release"/>
    <property name="surefire.test.class.path" value="/Users/DIKUMAR/personalprojects/demo-int/target/test-classes:/Users/DIKUMAR/personalprojects/demo-int/target/classes:/Users/DIKUMAR/.m2/repository/org/springframework/boot/spring-boot-starter/3.3.3/spring-boot-starter-3.3.3.jar:/Users/DIKUMAR/.m2/repository/org/springframework/boot/spring-boot/3.3.3/spring-boot-3.3.3.jar:/Users/DIKUMAR/.m2/repository/org/springframework/spring-context/6.1.12/spring-context-6.1.12.jar:/Users/DIKUMAR/.m2/repository/org/springframework/spring-aop/6.1.12/spring-aop-6.1.12.jar:/Users/DIKUMAR/.m2/repository/org/springframework/spring-beans/6.1.12/spring-beans-6.1.12.jar:/Users/DIKUMAR/.m2/repository/org/springframework/spring-expression/6.1.12/spring-expression-6.1.12.jar:/Users/DIKUMAR/.m2/repository/io/micrometer/micrometer-observation/1.13.3/micrometer-observation-1.13.3.jar:/Users/DIKUMAR/.m2/repository/io/micrometer/micrometer-commons/1.13.3/micrometer-commons-1.13.3.jar:/Users/DIKUMAR/.m2/repository/org/springframework/boot/spring-boot-autoconfigure/3.3.3/spring-boot-autoconfigure-3.3.3.jar:/Users/DIKUMAR/.m2/repository/org/springframework/boot/spring-boot-starter-logging/3.3.3/spring-boot-starter-logging-3.3.3.jar:/Users/DIKUMAR/.m2/repository/ch/qos/logback/logback-classic/1.5.7/logback-classic-1.5.7.jar:/Users/DIKUMAR/.m2/repository/ch/qos/logback/logback-core/1.5.7/logback-core-1.5.7.jar:/Users/DIKUMAR/.m2/repository/org/apache/logging/log4j/log4j-to-slf4j/2.23.1/log4j-to-slf4j-2.23.1.jar:/Users/DIKUMAR/.m2/repository/org/apache/logging/log4j/log4j-api/2.23.1/log4j-api-2.23.1.jar:/Users/DIKUMAR/.m2/repository/org/slf4j/jul-to-slf4j/2.0.16/jul-to-slf4j-2.0.16.jar:/Users/DIKUMAR/.m2/repository/jakarta/annotation/jakarta.annotation-api/2.1.1/jakarta.annotation-api-2.1.1.jar:/Users/DIKUMAR/.m2/repository/org/springframework/spring-core/6.1.12/spring-core-6.1.12.jar:/Users/DIKUMAR/.m2/repository/org/springframework/spring-jcl/6.1.12/spring-jcl-6.1.12.jar:/Users/DIKUMAR/.m2/repository/org/yaml/snakeyaml/2.2/snakeyaml-2.2.jar:/Users/DIKUMAR/.m2/repository/org/springframework/boot/spring-boot-starter-test/3.3.3/spring-boot-starter-test-3.3.3.jar:/Users/DIKUMAR/.m2/repository/org/springframework/boot/spring-boot-test/3.3.3/spring-boot-test-3.3.3.jar:/Users/DIKUMAR/.m2/repository/org/springframework/boot/spring-boot-test-autoconfigure/3.3.3/spring-boot-test-autoconfigure-3.3.3.jar:/Users/DIKUMAR/.m2/repository/com/jayway/jsonpath/json-path/2.9.0/json-path-2.9.0.jar:/Users/DIKUMAR/.m2/repository/org/slf4j/slf4j-api/2.0.16/slf4j-api-2.0.16.jar:/Users/DIKUMAR/.m2/repository/jakarta/xml/bind/jakarta.xml.bind-api/4.0.2/jakarta.xml.bind-api-4.0.2.jar:/Users/DIKUMAR/.m2/repository/jakarta/activation/jakarta.activation-api/2.1.3/jakarta.activation-api-2.1.3.jar:/Users/DIKUMAR/.m2/repository/net/minidev/json-smart/2.5.1/json-smart-2.5.1.jar:/Users/DIKUMAR/.m2/repository/net/minidev/accessors-smart/2.5.1/accessors-smart-2.5.1.jar:/Users/DIKUMAR/.m2/repository/org/ow2/asm/asm/9.6/asm-9.6.jar:/Users/DIKUMAR/.m2/repository/org/assertj/assertj-core/3.25.3/assertj-core-3.25.3.jar:/Users/DIKUMAR/.m2/repository/net/bytebuddy/byte-buddy/1.14.19/byte-buddy-1.14.19.jar:/Users/DIKUMAR/.m2/repository/org/awaitility/awaitility/4.2.2/awaitility-4.2.2.jar:/Users/DIKUMAR/.m2/repository/org/hamcrest/hamcrest/2.2/hamcrest-2.2.jar:/Users/DIKUMAR/.m2/repository/org/junit/jupiter/junit-jupiter/5.10.3/junit-jupiter-5.10.3.jar:/Users/DIKUMAR/.m2/repository/org/junit/jupiter/junit-jupiter-api/5.10.3/junit-jupiter-api-5.10.3.jar:/Users/DIKUMAR/.m2/repository/org/opentest4j/opentest4j/1.3.0/opentest4j-1.3.0.jar:/Users/DIKUMAR/.m2/repository/org/junit/platform/junit-platform-commons/1.10.3/junit-platform-commons-1.10.3.jar:/Users/DIKUMAR/.m2/repository/org/apiguardian/apiguardian-api/1.1.2/apiguardian-api-1.1.2.jar:/Users/DIKUMAR/.m2/repository/org/junit/jupiter/junit-jupiter-params/5.10.3/junit-jupiter-params-5.10.3.jar:/Users/DIKUMAR/.m2/repository/org/junit/jupiter/junit-jupiter-engine/5.10.3/junit-jupiter-engine-5.10.3.jar:/Users/DIKUMAR/.m2/repository/org/junit/platform/junit-platform-engine/1.10.3/junit-platform-engine-1.10.3.jar:/Users/DIKUMAR/.m2/repository/org/mockito/mockito-core/5.11.0/mockito-core-5.11.0.jar:/Users/DIKUMAR/.m2/repository/net/bytebuddy/byte-buddy-agent/1.14.19/byte-buddy-agent-1.14.19.jar:/Users/DIKUMAR/.m2/repository/org/objenesis/objenesis/3.3/objenesis-3.3.jar:/Users/DIKUMAR/.m2/repository/org/mockito/mockito-junit-jupiter/5.11.0/mockito-junit-jupiter-5.11.0.jar:/Users/DIKUMAR/.m2/repository/org/skyscreamer/jsonassert/1.5.3/jsonassert-1.5.3.jar:/Users/DIKUMAR/.m2/repository/com/vaadin/external/google/android-json/0.0.20131108.vaadin1/android-json-0.0.20131108.vaadin1.jar:/Users/DIKUMAR/.m2/repository/org/springframework/spring-test/6.1.12/spring-test-6.1.12.jar:/Users/DIKUMAR/.m2/repository/org/xmlunit/xmlunit-core/2.9.1/xmlunit-core-2.9.1.jar:"/>
    <property name="sun.cpu.endian" value="little"/>
    <property name="user.home" value="/Users/DIKUMAR"/>
    <property name="user.language" value="en"/>
    <property name="java.specification.vendor" value="Oracle Corporation"/>
    <property name="java.version.date" value="2024-07-16"/>
    <property name="java.home" value="/Library/Java/JavaVirtualMachines/temurin-17.jdk/Contents/Home"/>
    <property name="file.separator" value="/"/>
    <property name="basedir" value="/Users/DIKUMAR/personalprojects/demo-int"/>
    <property name="java.vm.compressedOopsMode" value="Zero based"/>
    <property name="line.separator" value="&#10;"/>
    <property name="java.specification.name" value="Java Platform API Specification"/>
    <property name="java.vm.specification.vendor" value="Oracle Corporation"/>
    <property name="FILE_LOG_CHARSET" value="UTF-8"/>
    <property name="java.awt.headless" value="true"/>
    <property name="surefire.real.class.path" value="/Users/DIKUMAR/personalprojects/demo-int/target/surefire/surefirebooter-20240918093540535_3.jar"/>
    <property name="sun.management.compiler" value="HotSpot 64-Bit Tiered Compilers"/>
    <property name="java.runtime.version" value="17.0.12+7"/>
    <property name="user.name" value="DIKUMAR"/>
    <property name="path.separator" value=":"/>
    <property name="os.version" value="14.6.1"/>
    <property name="java.runtime.name" value="OpenJDK Runtime Environment"/>
    <property name="file.encoding" value="UTF-8"/>
    <property name="java.vm.name" value="OpenJDK 64-Bit Server VM"/>
    <property name="java.vendor.version" value="Temurin-17.0.12+7"/>
    <property name="localRepository" value="/Users/DIKUMAR/.m2/repository"/>
    <property name="java.vendor.url.bug" value="https://github.com/adoptium/adoptium-support/issues"/>
    <property name="java.io.tmpdir" value="/var/folders/mh/rxd7m_rx3bd_j1fvj_jbj7bw0000gp/T/"/>
    <property name="idea.version" value="2023.3.5"/>
    <property name="java.version" value="17.0.12"/>
    <property name="user.dir" value="/Users/DIKUMAR/personalprojects/demo-int"/>
    <property name="os.arch" value="aarch64"/>
    <property name="java.vm.specification.name" value="Java Virtual Machine Specification"/>
    <property name="PID" value="96430"/>
    <property name="CONSOLE_LOG_CHARSET" value="UTF-8"/>
    <property name="native.encoding" value="UTF-8"/>
    <property name="java.library.path" value="/Users/DIKUMAR/Library/Java/Extensions:/Library/Java/Extensions:/Network/Library/Java/Extensions:/System/Library/Java/Extensions:/usr/lib/java:."/>
    <property name="java.vm.info" value="mixed mode"/>
    <property name="java.vendor" value="Eclipse Adoptium"/>
    <property name="java.vm.version" value="17.0.12+7"/>
    <property name="sun.io.unicode.encoding" value="UnicodeBig"/>
    <property name="java.class.version" value="61.0"/>
    <property name="LOGGED_APPLICATION_NAME" value="[demo-int] "/>
  </properties>
  <testcase name="contextLoads" classname="com.example.demo_int.DemoIntApplicationTests" time="0.424">
    <system-out><![CDATA[09:35:40.926 [main] INFO org.springframework.test.context.support.AnnotationConfigContextLoaderUtils -- Could not detect default configuration classes for test class [com.example.demo_int.DemoIntApplicationTests]: DemoIntApplicationTests does not declare any static, non-private, non-final, nested classes annotated with @Configuration.
09:35:40.968 [main] INFO org.springframework.boot.test.context.SpringBootTestContextBootstrapper -- Found @SpringBootConfiguration com.example.demo_int.DemoIntApplication for test class com.example.demo_int.DemoIntApplicationTests

  .   ____          _            __ _ _
 /\\ / ___'_ __ _ _(_)_ __  __ _ \ \ \ \
( ( )\___ | '_ | '_| | '_ \/ _` | \ \ \ \
 \\/  ___)| |_)| | | | | || (_| |  ) ) ) )
  '  |____| .__|_| |_|_| |_\__, | / / / /
 =========|_|==============|___/=/_/_/_/

 :: Spring Boot ::                (v3.3.3)

2024-09-18T09:35:41.124+01:00  INFO 96430 --- [demo-int] [           main] c.e.demo_int.DemoIntApplicationTests     : Starting DemoIntApplicationTests using Java 17.0.12 with PID 96430 (started by DIKUMAR in /Users/DIKUMAR/personalprojects/demo-int)
2024-09-18T09:35:41.125+01:00  INFO 96430 --- [demo-int] [           main] c.e.demo_int.DemoIntApplicationTests     : No active profile set, falling back to 1 default profile: "default"
2024-09-18T09:35:41.332+01:00  INFO 96430 --- [demo-int] [           main] c.e.demo_int.DemoIntApplicationTests     : Started DemoIntApplicationTests in 0.311 seconds (process running for 0.749)
]]></system-out>
  </testcase>
</testsuite>